<?xml version="1.0" encoding="UTF-8"?>
<!-- Generated by org.testng.reporters.JUnitReportReporter -->
<testsuite hostname="user-PC" failures="0" tests="2" name="testcases.LoginTheApp" time="11.061" errors="0" timestamp="2024-02-07T12:07:07 IST" skipped="0">
  <testcase classname="testcases.LoginTheApp" name="login" time="7.321"/>
  <system-out/>
  <testcase classname="testcases.LoginTheApp" name="Appointment" time="3.740"/>
  <system-out/>
</testsuite> <!-- testcases.LoginTheApp -->
