<?xml version="1.0" encoding="UTF-8"?>
<!-- Generated by org.testng.reporters.JUnitReportReporter -->
<testsuite hostname="user-PC" failures="0" tests="11" name="testcases.Make_Appointment" time="14.227" errors="0" timestamp="2024-02-07T12:07:07 IST" skipped="0">
  <testcase classname="testcases.Make_Appointment" name="SelectHealthProgram" time="1.810"/>
  <system-out/>
  <testcase classname="testcases.Make_Appointment" name="AppointmentDate" time="0.749"/>
  <system-out/>
  <testcase classname="testcases.Make_Appointment" name="SelectFaculty" time="1.861"/>
  <system-out/>
  <testcase classname="testcases.Make_Appointment" name="history" time="1.485"/>
  <system-out/>
  <testcase classname="testcases.Make_Appointment" name="Confirmation" time="0.222"/>
  <system-out/>
  <testcase classname="testcases.Make_Appointment" name="ApplyCheckbox" time="0.306"/>
  <system-out/>
  <testcase classname="testcases.Make_Appointment" name="Menu" time="0.449"/>
  <system-out/>
  <testcase classname="testcases.Make_Appointment" name="comment" time="1.553"/>
  <system-out/>
  <testcase classname="testcases.Make_Appointment" name="Historyrecord" time="1.094"/>
  <system-out/>
  <testcase classname="testcases.Make_Appointment" name="BooKAppointment" time="1.676"/>
  <system-out/>
  <testcase classname="testcases.Make_Appointment" name="logout" time="3.022"/>
  <system-out/>
</testsuite> <!-- testcases.Make_Appointment -->
